{"numTotalTestSuites":8,"numPassedTestSuites":8,"numFailedTestSuites":0,"numPendingTestSuites":0,"numTotalTests":37,"numPassedTests":37,"numFailedTests":0,"numPendingTests":0,"numTodoTests":0,"snapshot":{"added":0,"failure":false,"filesAdded":0,"filesRemoved":0,"filesRemovedList":[],"filesUnmatched":0,"filesUpdated":0,"matched":0,"total":0,"unchecked":0,"uncheckedKeysByFile":[],"unmatched":0,"updated":0,"didUpdate":false},"startTime":1781525535123,"success":true,"testResults":[{"assertionResults":[{"ancestorTitles":["TC1: 离线已完成工单结算回归测试"],"fullName":"TC1: 离线已完成工单结算回归测试 TC1.1 单个离线完成工单：被结算后 activeJobs 中不存在该工单","status":"passed","title":"TC1.1 单个离线完成工单：被结算后 activeJobs 中不存在该工单","duration":5.895400000000336,"failureMessages":[],"meta":{}},{"ancestorTitles":["TC1: 离线已完成工单结算回归测试"],"fullName":"TC1: 离线已完成工单结算回归测试 TC1.2 单个离线完成工单：productionRecords 中存在对应产出记录","status":"passed","title":"TC1.2 单个离线完成工单：productionRecords 中存在对应产出记录","duration":1.5560999999997875,"failureMessages":[],"meta":{}},{"ancestorTitles":["TC1: 离线已完成工单结算回归测试"],"fullName":"TC1: 离线已完成工单结算回归测试 TC1.3 单个离线完成工单：配方状态 totalProduced / totalBatchRuns 正确递增","status":"passed","title":"TC1.3 单个离线完成工单：配方状态 totalProduced / totalBatchRuns 正确递增","duration":3.3768999999997504,"failureMessages":[],"meta":{}},{"ancestorTitles":["TC1: 离线已完成工单结算回归测试"],"fullName":"TC1: 离线已完成工单结算回归测试 TC1.4 单个离线完成工单：productionStats 各项累计正确","status":"passed","title":"TC1.4 单个离线完成工单：productionStats 各项累计正确","duration":1.7881999999999607,"failureMessages":[],"meta":{}},{"ancestorTitles":["TC1: 离线已完成工单结算回归测试"],"fullName":"TC1: 离线已完成工单结算回归测试 TC1.5 多配方离线完成工单：全部正确结算且不互相干扰","status":"passed","title":"TC1.5 多配方离线完成工单：全部正确结算且不互相干扰","duration":2.7322000000003754,"failureMessages":[],"meta":{}},{"ancestorTitles":["TC1: 离线已完成工单结算回归测试"],"fullName":"TC1: 离线已完成工单结算回归测试 TC1.6 离线完成工单验证器对未结算工单能正确报错","status":"passed","title":"TC1.6 离线完成工单验证器对未结算工单能正确报错","duration":1.042699999999968,"failureMessages":[],"meta":{}},{"ancestorTitles":["TC1: 离线已完成工单结算回归测试"],"fullName":"TC1: 离线已完成工单结算回归测试 TC1.7 最大批量(×5)离线完成工单：统计与记录计算正确","status":"passed","title":"TC1.7 最大批量(×5)离线完成工单：统计与记录计算正确","duration":0.9841999999998734,"failureMessages":[],"meta":{}},{"ancestorTitles":["TC1: 离线已完成工单结算回归测试"],"fullName":"TC1: 离线已完成工单结算回归测试 TC1.8 工单结算前后：全套回归验证通过","status":"passed","title":"TC1.8 工单结算前后：全套回归验证通过","duration":130.20440000000008,"failureMessages":[],"meta":{}}],"startTime":1781525538759,"endTime":1781525538907.2043,"status":"passed","message":"","name":"D:/solo/6.6/xcf-185/tests/workshop/tc01_offline_completed.test.ts"},{"assertionResults":[{"ancestorTitles":["TC2: 进行中工单续跑回归测试"],"fullName":"TC2: 进行中工单续跑回归测试 TC2.1 50%进度进行中工单：保留在 activeJobs 中，续跑验证器通过","status":"passed","title":"TC2.1 50%进度进行中工单：保留在 activeJobs 中，续跑验证器通过","duration":5.019800000000032,"failureMessages":[],"meta":{}},{"ancestorTitles":["TC2: 进行中工单续跑回归测试"],"fullName":"TC2: 进行中工单续跑回归测试 TC2.2 进行中工单 duration === processingTime * batchCount","status":"passed","title":"TC2.2 进行中工单 duration === processingTime * batchCount","duration":2.4990999999999985,"failureMessages":[],"meta":{}},{"ancestorTitles":["TC2: 进行中工单续跑回归测试"],"fullName":"TC2: 进行中工单续跑回归测试 TC2.3 进行中工单配方未解锁 → 验证器报错","status":"passed","title":"TC2.3 进行中工单配方未解锁 → 验证器报错","duration":111.79129999999986,"failureMessages":[],"meta":{}},{"ancestorTitles":["TC2: 进行中工单续跑回归测试"],"fullName":"TC2: 进行中工单续跑回归测试 TC2.4 同配方双并行工单 → 验证器报错","status":"passed","title":"TC2.4 同配方双并行工单 → 验证器报错","duration":0.9320000000002437,"failureMessages":[],"meta":{}},{"ancestorTitles":["TC2: 进行中工单续跑回归测试"],"fullName":"TC2: 进行中工单续跑回归测试 TC2.5 工单 startTime 在未来 → 验证器报错","status":"passed","title":"TC2.5 工单 startTime 在未来 → 验证器报错","duration":1.1221000000000458,"failureMessages":[],"meta":{}},{"ancestorTitles":["TC2: 进行中工单续跑回归测试"],"fullName":"TC2: 进行中工单续跑回归测试 TC2.6 活跃工单数超 WORKSHOP_MAX_ACTIVE_JOBS → 验证器报错","status":"passed","title":"TC2.6 活跃工单数超 WORKSHOP_MAX_ACTIVE_JOBS → 验证器报错","duration":5.5396999999998116,"failureMessages":[],"meta":{}},{"ancestorTitles":["TC2: 进行中工单续跑回归测试"],"fullName":"TC2: 进行中工单续跑回归测试 TC2.7 工单续跑：恢复→修改进度→等待\"完成\"→结算，全流程验证","status":"passed","title":"TC2.7 工单续跑：恢复→修改进度→等待\"完成\"→结算，全流程验证","duration":3.95699999999988,"failureMessages":[],"meta":{}},{"ancestorTitles":["TC2: 进行中工单续跑回归测试"],"fullName":"TC2: 进行中工单续跑回归测试 TC2.8 多工单多阶段恢复场景（30%/60%/90%）验证器全部通过","status":"passed","title":"TC2.8 多工单多阶段恢复场景（30%/60%/90%）验证器全部通过","duration":2.102100000000064,"failureMessages":[],"meta":{}},{"ancestorTitles":["TC2: 进行中工单续跑回归测试"],"fullName":"TC2: 进行中工单续跑回归测试 TC2.9 工单 duration 被篡改 → 验证器报错并定位原因","status":"passed","title":"TC2.9 工单 duration 被篡改 → 验证器报错并定位原因","duration":0.9796999999998661,"failureMessages":[],"meta":{}}],"startTime":1781525538810,"endTime":1781525538944.9797,"status":"passed","message":"","name":"D:/solo/6.6/xcf-185/tests/workshop/tc02_ongoing_continuation.test.ts"},{"assertionResults":[{"ancestorTitles":["TC3: 批量产出统计一致性回归测试"],"fullName":"TC3: 批量产出统计一致性回归测试 TC3.1 初始状态：所有统计为0/默认，验证器通过","status":"passed","title":"TC3.1 初始状态：所有统计为0/默认，验证器通过","duration":19.477100000000064,"failureMessages":[],"meta":{}},{"ancestorTitles":["TC3: 批量产出统计一致性回归测试"],"fullName":"TC3: 批量产出统计一致性回归测试 TC3.2 单次批量加工 ×5：totalProcessed = batchCount","status":"passed","title":"TC3.2 单次批量加工 ×5：totalProcessed = batchCount","duration":4.169700000000375,"failureMessages":[],"meta":{}},{"ancestorTitles":["TC3: 批量产出统计一致性回归测试"],"fullName":"TC3: 批量产出统计一致性回归测试 TC3.3 N次加工后：averageOutputPerRun = totalOutput / totalBatchOperations","status":"passed","title":"TC3.3 N次加工后：averageOutputPerRun = totalOutput / totalBatchOperations","duration":1.4973999999997432,"failureMessages":[],"meta":{}},{"ancestorTitles":["TC3: 批量产出统计一致性回归测试"],"fullName":"TC3: 批量产出统计一致性回归测试 TC3.4 加工类型分项合计 === totalBatchOperations","status":"passed","title":"TC3.4 加工类型分项合计 === totalBatchOperations","duration":2.364400000000387,"failureMessages":[],"meta":{}},{"ancestorTitles":["TC3: 批量产出统计一致性回归测试"],"fullName":"TC3: 批量产出统计一致性回归测试 TC3.5 stats.totalOutput === Σ productionRecords.resultCount","status":"passed","title":"TC3.5 stats.totalOutput === Σ productionRecords.resultCount","duration":4.439600000000155,"failureMessages":[],"meta":{}},{"ancestorTitles":["TC3: 批量产出统计一致性回归测试"],"fullName":"TC3: 批量产出统计一致性回归测试 TC3.6 peakBatchSize === 记录中最大批量数","status":"passed","title":"TC3.6 peakBatchSize === 记录中最大批量数","duration":4.151800000000094,"failureMessages":[],"meta":{}},{"ancestorTitles":["TC3: 批量产出统计一致性回归测试"],"fullName":"TC3: 批量产出统计一致性回归测试 TC3.7 被篡改的 totalOutput（低于实际记录之和）→ 验证器报错","status":"passed","title":"TC3.7 被篡改的 totalOutput（低于实际记录之和）→ 验证器报错","duration":4.718600000000151,"failureMessages":[],"meta":{}},{"ancestorTitles":["TC3: 批量产出统计一致性回归测试"],"fullName":"TC3: 批量产出统计一致性回归测试 TC3.8 被篡改的 averageOutputPerRun → 验证器报错","status":"passed","title":"TC3.8 被篡改的 averageOutputPerRun → 验证器报错","duration":1.0378999999998086,"failureMessages":[],"meta":{}},{"ancestorTitles":["TC3: 批量产出统计一致性回归测试"],"fullName":"TC3: 批量产出统计一致性回归测试 TC3.9 累计 30 次各种批量加工后：全套验证通过","status":"passed","title":"TC3.9 累计 30 次各种批量加工后：全套验证通过","duration":4.156600000000253,"failureMessages":[],"meta":{}},{"ancestorTitles":["TC3: 批量产出统计一致性回归测试"],"fullName":"TC3: 批量产出统计一致性回归测试 TC3.10 无任何操作但 averageOutputPerRun !== 0 → 验证器报错","status":"passed","title":"TC3.10 无任何操作但 averageOutputPerRun !== 0 → 验证器报错","duration":1.158600000000206,"failureMessages":[],"meta":{}}],"startTime":1781525538562,"endTime":1781525538610.1587,"status":"passed","message":"","name":"D:/solo/6.6/xcf-185/tests/workshop/tc03_batch_stats.test.ts"},{"assertionResults":[{"ancestorTitles":["TC4: 生产记录持久化回归测试"],"fullName":"TC4: 生产记录持久化回归测试 TC4.1 初始状态：productionRecords 为空数组，验证器通过","status":"passed","title":"TC4.1 初始状态：productionRecords 为空数组，验证器通过","duration":4.798600000000079,"failureMessages":[],"meta":{}},{"ancestorTitles":["TC4: 生产记录持久化回归测试"],"fullName":"TC4: 生产记录持久化回归测试 TC4.2 单次加工后：存在 1 条记录，字段齐全且值正确","status":"passed","title":"TC4.2 单次加工后：存在 1 条记录，字段齐全且值正确","duration":3.6226000000001477,"failureMessages":[],"meta":{}},{"ancestorTitles":["TC4: 生产记录持久化回归测试"],"fullName":"TC4: 生产记录持久化回归测试 TC4.3 记录按时间降序排列（新→旧）","status":"passed","title":"TC4.3 记录按时间降序排列（新→旧）","duration":3.317700000000059,"failureMessages":[],"meta":{}},{"ancestorTitles":["TC4: 生产记录持久化回归测试"],"fullName":"TC4: 生产记录持久化回归测试 TC4.4 超过 WORKSHOP_MAX_RECORDS 条记录：超出部分被截断","status":"passed","title":"TC4.4 超过 WORKSHOP_MAX_RECORDS 条记录：超出部分被截断","duration":1.836999999999989,"failureMessages":[],"meta":{}},{"ancestorTitles":["TC4: 生产记录持久化回归测试"],"fullName":"TC4: 生产记录持久化回归测试 TC4.5 记录数刚好达到上限 WORKSHOP_MAX_RECORDS：验证通过","status":"passed","title":"TC4.5 记录数刚好达到上限 WORKSHOP_MAX_RECORDS：验证通过","duration":2.683300000000145,"failureMessages":[],"meta":{}},{"ancestorTitles":["TC4: 生产记录持久化回归测试"],"fullName":"TC4: 生产记录持久化回归测试 TC4.6 记录 batchCount 超过配方 batchMax → 验证器报错","status":"passed","title":"TC4.6 记录 batchCount 超过配方 batchMax → 验证器报错","duration":0.9432999999999083,"failureMessages":[],"meta":{}},{"ancestorTitles":["TC4: 生产记录持久化回归测试"],"fullName":"TC4: 生产记录持久化回归测试 TC4.7 记录字段被篡改（timestamp=0、resultCount=-1）→ 验证器报错","status":"passed","title":"TC4.7 记录字段被篡改（timestamp=0、resultCount=-1）→ 验证器报错","duration":1.361199999999826,"failureMessages":[],"meta":{}},{"ancestorTitles":["TC4: 生产记录持久化回归测试"],"fullName":"TC4: 生产记录持久化回归测试 TC4.8 记录时序被颠倒（升序排列）→ 验证器报错","status":"passed","title":"TC4.8 记录时序被颠倒（升序排列）→ 验证器报错","duration":1.396099999999933,"failureMessages":[],"meta":{}},{"ancestorTitles":["TC4: 生产记录持久化回归测试"],"fullName":"TC4: 生产记录持久化回归测试 TC4.9 满记录后继续追加 → 旧记录被挤出，总容量仍等于上限，记录仍正确","status":"passed","title":"TC4.9 满记录后继续追加 → 旧记录被挤出，总容量仍等于上限，记录仍正确","duration":3.505699999999706,"failureMessages":[],"meta":{}},{"ancestorTitles":["TC4: 生产记录持久化回归测试"],"fullName":"TC4: 生产记录持久化回归测试 TC4.10 多配方混合 20 条记录：持久化 + 全套回归验证通过","status":"passed","title":"TC4.10 多配方混合 20 条记录：持久化 + 全套回归验证通过","duration":1.5585999999998421,"failureMessages":[],"meta":{}}],"startTime":1781525538541,"endTime":1781525538567.5586,"status":"passed","message":"","name":"D:/solo/6.6/xcf-185/tests/workshop/tc04_production_records.test.ts"}]}